[INFO][2020-08-21 15:27:07,284][autoreload.py:612]Watching for file changes with StatReloader
[INFO][2020-08-21 15:27:08,571][autoreload.py:612]Watching for file changes with StatReloader
[INFO][2020-08-21 15:27:33,308][autoreload.py:612]Watching for file changes with StatReloader
[INFO][2020-08-21 15:27:48,767][basehttp.py:157]"GET /v1/api/code?code_id=71e94b37-ffd9-4860-ba58-5c7da9ea06bb HTTP/1.0" 301 0
[INFO][2020-08-21 15:27:48,813][middleProcess.py:32]111
[INFO][2020-08-21 15:27:48,814][basehttp.py:157]"GET /v1/api/code/?code_id=71e94b37-ffd9-4860-ba58-5c7da9ea06bb HTTP/1.0" 200 7689
[INFO][2020-08-21 15:27:56,074][basehttp.py:157]"GET /v1/api/code?code_id=fcc051ff-0c7d-45d8-a19f-dd97c17e7afe HTTP/1.0" 301 0
[INFO][2020-08-21 15:27:56,094][middleProcess.py:32]111
[INFO][2020-08-21 15:27:56,094][basehttp.py:157]"GET /v1/api/code/?code_id=fcc051ff-0c7d-45d8-a19f-dd97c17e7afe HTTP/1.0" 200 7287
[INFO][2020-08-21 15:27:58,892][middleProcess.py:32]111
[INFO][2020-08-21 15:27:58,892][basehttp.py:157]"POST /v1/api/user/login/ HTTP/1.0" 200 309
[INFO][2020-08-21 15:27:59,110][middleProcess.py:32]111
[INFO][2020-08-21 15:27:59,114][middleProcess.py:32]111
[INFO][2020-08-21 15:27:59,115][basehttp.py:157]"GET /v1/api/user/?offset=0&limit=5&username= HTTP/1.0" 200 772
[INFO][2020-08-21 15:27:59,116][basehttp.py:157]"GET /v1/api/menu/ HTTP/1.0" 200 674
[INFO][2020-08-21 15:28:56,893][autoreload.py:612]Watching for file changes with StatReloader
[INFO][2020-08-21 15:29:22,580][autoreload.py:612]Watching for file changes with StatReloader
[INFO][2020-08-21 15:29:28,667][basehttp.py:157]"GET /v1/api/code?code_id=cd2f8f46-b204-41d6-bc5e-89a88c67ba7a HTTP/1.0" 301 0
[ERROR][2020-08-21 15:29:28,726][log.py:230]Internal Server Error: /v1/api/code/
[ERROR][2020-08-21 15:29:28,727][basehttp.py:157]"GET /v1/api/code/?code_id=cd2f8f46-b204-41d6-bc5e-89a88c67ba7a HTTP/1.0" 500 40
[INFO][2020-08-21 15:29:48,171][autoreload.py:612]Watching for file changes with StatReloader
[INFO][2020-08-21 15:34:15,450][basehttp.py:157]"GET /v1/api/code?code_id=1e9b415a-9eb5-487d-a85e-a0358e7e03f4 HTTP/1.0" 301 0
[INFO][2020-08-21 15:34:15,486][basehttp.py:157]"GET /v1/api/code/?code_id=1e9b415a-9eb5-487d-a85e-a0358e7e03f4 HTTP/1.0" 200 6931
[INFO][2020-08-21 15:37:05,089][basehttp.py:157]"GET /v1/api/code?code_id=2984e8d0-6497-4c7a-98ff-e1e941645125 HTTP/1.1" 301 0
[INFO][2020-08-21 15:37:05,151][basehttp.py:157]"GET /v1/api/code/?code_id=2984e8d0-6497-4c7a-98ff-e1e941645125 HTTP/1.1" 200 6784
[INFO][2020-08-21 15:40:51,324][autoreload.py:236]/home/tarena/work_dir/work_dir/vue-project/vue_rest/vue_rest/wsgi.py changed, reloading.
[INFO][2020-08-21 15:40:52,486][autoreload.py:612]Watching for file changes with StatReloader
[INFO][2020-08-21 15:44:35,581][autoreload.py:612]Watching for file changes with StatReloader
[INFO][2020-08-21 15:49:09,084][autoreload.py:612]Watching for file changes with StatReloader
[WARNING][2020-08-21 16:03:52,341][log.py:230]Not Found: /api/user/
[WARNING][2020-08-21 16:03:52,432][log.py:230]Not Found: /favicon.ico
[WARNING][2020-08-21 16:03:55,631][log.py:230]Not Found: /
[WARNING][2020-08-21 16:04:00,958][log.py:230]Not Found: /static/admin/css/login.css
[WARNING][2020-08-21 16:04:00,967][log.py:230]Not Found: /static/admin/css/responsive.css
[WARNING][2020-08-21 16:04:00,967][log.py:230]Not Found: /static/admin/css/base.css
[WARNING][2020-08-21 16:04:00,970][log.py:230]Not Found: /static/admin/css/nav_sidebar.css
[WARNING][2020-08-21 16:04:00,975][log.py:230]Not Found: /static/admin/js/nav_sidebar.js
[INFO][2020-08-21 16:04:30,543][autoreload.py:612]Watching for file changes with StatReloader
[INFO][2020-08-21 16:04:35,488][basehttp.py:157]"GET /admin/login/?next=/admin/ HTTP/1.1" 200 2196
[INFO][2020-08-21 16:04:35,516][basehttp.py:157]"GET /static/admin/css/login.css HTTP/1.1" 200 1185
[INFO][2020-08-21 16:04:35,516][basehttp.py:157]"GET /static/admin/css/nav_sidebar.css HTTP/1.1" 200 1789
[INFO][2020-08-21 16:04:35,517][basehttp.py:157]"GET /static/admin/js/nav_sidebar.js HTTP/1.1" 200 1360
[INFO][2020-08-21 16:04:35,518][basehttp.py:157]"GET /static/admin/css/base.css HTTP/1.1" 200 16307
[INFO][2020-08-21 16:04:35,520][basehttp.py:157]"GET /static/admin/css/responsive.css HTTP/1.1" 200 18617
[INFO][2020-08-21 16:04:35,569][basehttp.py:157]"GET /static/admin/css/fonts.css HTTP/1.1" 200 423
[INFO][2020-08-21 16:04:35,748][basehttp.py:157]"GET /static/admin/fonts/Roboto-Light-webfont.woff HTTP/1.1" 200 85692
[INFO][2020-08-21 16:04:35,749][basehttp.py:157]"GET /static/admin/fonts/Roboto-Regular-webfont.woff HTTP/1.1" 200 85876
[INFO][2020-08-21 16:04:40,225][basehttp.py:157]"POST /admin/login/?next=/admin/ HTTP/1.1" 302 0
[INFO][2020-08-21 16:04:40,264][basehttp.py:157]"GET /admin/ HTTP/1.1" 200 12391
[INFO][2020-08-21 16:04:40,323][basehttp.py:157]"GET /static/admin/css/dashboard.css HTTP/1.1" 200 380
[INFO][2020-08-21 16:04:40,374][basehttp.py:157]"GET /static/admin/img/icon-addlink.svg HTTP/1.1" 200 331
[INFO][2020-08-21 16:04:40,375][basehttp.py:157]"GET /static/admin/img/icon-changelink.svg HTTP/1.1" 200 380
[INFO][2020-08-21 16:04:40,625][basehttp.py:157]"GET /static/admin/fonts/Roboto-Bold-webfont.woff HTTP/1.1" 200 86184
[INFO][2020-08-21 16:04:51,801][basehttp.py:157]"GET /admin/goods/goodsproductlist/ HTTP/1.1" 200 28640
[INFO][2020-08-21 16:04:51,831][basehttp.py:157]"GET /admin/jsi18n/ HTTP/1.1" 200 7732
[INFO][2020-08-21 16:04:51,835][basehttp.py:157]"GET /static/admin/css/changelists.css HTTP/1.1" 200 6284
[INFO][2020-08-21 16:04:51,841][basehttp.py:157]"GET /static/admin/js/jquery.init.js HTTP/1.1" 200 347
[INFO][2020-08-21 16:04:51,842][basehttp.py:157]"GET /static/admin/css/forms.css HTTP/1.1" 200 8399
[INFO][2020-08-21 16:04:51,843][basehttp.py:157]"GET /static/admin/js/admin/RelatedObjectLookups.js HTTP/1.1" 200 6078
[INFO][2020-08-21 16:04:51,847][basehttp.py:157]"GET /static/admin/js/urlify.js HTTP/1.1" 200 8632
[INFO][2020-08-21 16:04:51,852][basehttp.py:157]"GET /static/admin/js/prepopulate.js HTTP/1.1" 200 1531
[INFO][2020-08-21 16:04:51,859][basehttp.py:157]"GET /static/admin/js/core.js HTTP/1.1" 200 5418
[INFO][2020-08-21 16:04:51,861][basehttp.py:157]"GET /static/admin/js/actions.js HTTP/1.1" 200 6783
[INFO][2020-08-21 16:04:51,864][basehttp.py:157]"GET /static/admin/js/vendor/xregexp/xregexp.js HTTP/1.1" 200 232381
[INFO][2020-08-21 16:04:51,865][basehttp.py:157]"GET /static/admin/js/vendor/jquery/jquery.js HTTP/1.1" 200 287630
[INFO][2020-08-21 16:04:51,872][basehttp.py:157]"GET /static/admin/css/widgets.css HTTP/1.1" 200 10592
[INFO][2020-08-21 16:04:51,992][basehttp.py:157]"GET /static/admin/img/tooltag-add.svg HTTP/1.1" 200 331
[INFO][2020-08-21 16:04:58,921][basehttp.py:157]"GET /admin/order/order/ HTTP/1.1" 200 16590
[INFO][2020-08-21 16:04:58,945][basehttp.py:157]"GET /admin/jsi18n/ HTTP/1.1" 200 7732
[INFO][2020-08-21 16:05:01,915][basehttp.py:157]"GET /admin/goods/goodsinfotag/ HTTP/1.1" 200 23595
[INFO][2020-08-21 16:05:01,941][basehttp.py:157]"GET /admin/jsi18n/ HTTP/1.1" 200 7732
[INFO][2020-08-21 16:05:03,431][basehttp.py:157]"GET /admin/goods/goodsproductlist/ HTTP/1.1" 200 28640
[INFO][2020-08-21 16:05:03,452][basehttp.py:157]"GET /admin/jsi18n/ HTTP/1.1" 200 7732
[INFO][2020-08-21 16:05:35,275][autoreload.py:612]Watching for file changes with StatReloader
[INFO][2020-08-21 16:05:38,506][basehttp.py:157]"GET /admin/goods/goodsproductlist/ HTTP/1.1" 200 28948
[INFO][2020-08-21 16:05:38,533][basehttp.py:157]"GET /admin/jsi18n/ HTTP/1.1" 200 7732
[INFO][2020-08-21 16:05:40,099][basehttp.py:157]"GET /admin/goods/goodsimage/ HTTP/1.1" 200 16351
[INFO][2020-08-21 16:05:40,126][basehttp.py:157]"GET /admin/jsi18n/ HTTP/1.1" 200 7732
[INFO][2020-08-21 16:06:03,746][autoreload.py:612]Watching for file changes with StatReloader
[INFO][2020-08-21 16:06:06,234][basehttp.py:157]"GET /admin/goods/goodsimage/ HTTP/1.1" 200 16482
[INFO][2020-08-21 16:06:06,257][basehttp.py:157]"GET /admin/jsi18n/ HTTP/1.1" 200 7732
[INFO][2020-08-21 16:06:10,417][basehttp.py:157]"GET /admin/goods/goodsimage/47/change/ HTTP/1.1" 200 23607
[INFO][2020-08-21 16:06:10,442][basehttp.py:157]"GET /static/admin/js/change_form.js HTTP/1.1" 200 606
[INFO][2020-08-21 16:06:10,447][basehttp.py:157]"GET /admin/jsi18n/ HTTP/1.1" 200 7732
[INFO][2020-08-21 16:06:10,450][basehttp.py:157]"GET /static/admin/js/prepopulate_init.js HTTP/1.1" 200 492
[INFO][2020-08-21 16:06:31,522][basehttp.py:157]"GET /admin/goods/goodsimage/ HTTP/1.1" 200 16482
[INFO][2020-08-21 16:06:31,544][basehttp.py:157]"GET /admin/jsi18n/ HTTP/1.1" 200 7732
[INFO][2020-08-21 16:06:32,531][basehttp.py:157]"GET /admin/goods/goodsimage/add/ HTTP/1.1" 200 23278
[INFO][2020-08-21 16:06:32,553][basehttp.py:157]"GET /admin/jsi18n/ HTTP/1.1" 200 7732
[INFO][2020-08-21 16:07:00,824][autoreload.py:612]Watching for file changes with StatReloader
[INFO][2020-08-21 16:07:04,573][basehttp.py:157]"GET /admin/goods/goodsimage/ HTTP/1.1" 200 16482
[INFO][2020-08-21 16:07:04,602][basehttp.py:157]"GET /admin/jsi18n/ HTTP/1.1" 200 7732
[INFO][2020-08-21 16:07:05,779][basehttp.py:157]"GET /admin/goods/goodsimage/add/ HTTP/1.1" 200 23278
[INFO][2020-08-21 16:07:05,800][basehttp.py:157]"GET /admin/jsi18n/ HTTP/1.1" 200 7732
[INFO][2020-08-21 16:07:14,630][basehttp.py:157]"POST /admin/goods/goodsimage/add/ HTTP/1.1" 302 0
[INFO][2020-08-21 16:07:14,760][basehttp.py:157]"GET /admin/goods/goodsimage/ HTTP/1.1" 200 16953
[INFO][2020-08-21 16:07:14,830][basehttp.py:157]"GET /admin/jsi18n/ HTTP/1.1" 200 7732
[INFO][2020-08-21 16:07:14,903][basehttp.py:157]"GET /static/admin/img/icon-yes.svg HTTP/1.1" 200 436
[INFO][2020-08-21 16:07:18,167][basehttp.py:157]"GET /admin/goods/goodsimage/48/change/ HTTP/1.1" 200 23673
[INFO][2020-08-21 16:07:18,188][basehttp.py:157]"GET /admin/jsi18n/ HTTP/1.1" 200 7732
[WARNING][2020-08-21 16:07:44,186][log.py:230]Not Found: /goods/image
[WARNING][2020-08-21 16:07:44,186][basehttp.py:157]"GET /goods/image HTTP/1.1" 404 5441
[ERROR][2020-08-21 16:07:50,852][log.py:230]Internal Server Error: /goods/media/image
[ERROR][2020-08-21 16:07:50,852][basehttp.py:157]"GET /goods/media/image HTTP/1.1" 500 78
[INFO][2020-08-21 16:08:05,060][basehttp.py:157]"GET /goods/media/image/%E5%BE%AE%E4%BF%A1%E5%9B%BE%E7%89%87_20190402150105.jpg HTTP/1.1" 200 67854
[INFO][2020-08-21 17:22:28,322][autoreload.py:612]Watching for file changes with StatReloader
[INFO][2020-08-21 17:22:35,277][basehttp.py:157]"GET /v1/api/code?code_id=b08799f1-6637-42f3-b75e-10c5f7d24155 HTTP/1.0" 301 0
[INFO][2020-08-21 17:22:35,394][basehttp.py:157]"GET /v1/api/code/?code_id=b08799f1-6637-42f3-b75e-10c5f7d24155 HTTP/1.0" 200 9068
[INFO][2020-08-21 17:22:41,701][basehttp.py:157]"POST /v1/api/user/login/ HTTP/1.0" 200 309
[INFO][2020-08-21 17:22:41,899][basehttp.py:157]"GET /v1/api/menu/ HTTP/1.0" 200 674
[INFO][2020-08-21 17:22:41,919][basehttp.py:157]"GET /v1/api/user/?offset=0&limit=5&username= HTTP/1.0" 200 772
[INFO][2020-08-21 17:22:47,574][basehttp.py:157]"GET /v1/goods/goodslist/?goods_name=&offset=0&limit=10 HTTP/1.0" 200 2507
[INFO][2020-08-21 17:22:48,477][basehttp.py:157]"GET /v1/goods/category/3?limit=9999 HTTP/1.0" 200 1362
[INFO][2020-08-21 17:22:51,346][basehttp.py:157]"GET /v1/goods/goodsinfo/16 HTTP/1.0" 200 1129
[INFO][2020-08-21 17:22:54,769][basehttp.py:157]"POST /v1/goods/image/upload/ HTTP/1.0" 200 116
[INFO][2020-08-21 17:25:52,341][basehttp.py:157]"GET /v1/api/menu/ HTTP/1.0" 200 674
[INFO][2020-08-21 17:25:52,371][basehttp.py:157]"GET /v1/goods/category/3?limit=9999 HTTP/1.0" 200 1362
[INFO][2020-08-21 17:25:55,726][basehttp.py:157]"GET /v1/goods/goodsinfo/16 HTTP/1.0" 200 1129
[INFO][2020-08-21 17:25:59,365][basehttp.py:157]"POST /v1/goods/image/upload/ HTTP/1.0" 200 112
[INFO][2020-08-21 17:27:45,264][basehttp.py:157]"GET /v1/goods/category/3?limit=9999 HTTP/1.0" 200 1362
[INFO][2020-08-21 17:27:47,042][basehttp.py:157]"GET /v1/goods/goodslist/?goods_name=&offset=0&limit=10 HTTP/1.0" 200 2507
[INFO][2020-08-21 17:27:48,906][basehttp.py:157]"GET /v1/goods/category/3?limit=5&offset=0 HTTP/1.0" 200 1061
[INFO][2020-08-21 17:27:50,476][basehttp.py:157]"GET /v1/goods/goodslist/?goods_name=&offset=0&limit=10 HTTP/1.0" 200 2507
[INFO][2020-08-21 17:27:51,497][basehttp.py:157]"GET /v1/goods/category/3?limit=9999 HTTP/1.0" 200 1362
[INFO][2020-08-21 17:27:53,980][basehttp.py:157]"GET /v1/goods/goodsinfo/16 HTTP/1.0" 200 1129
[INFO][2020-08-21 17:27:59,273][basehttp.py:157]"POST /v1/goods/image/upload/ HTTP/1.0" 200 122
[INFO][2020-08-21 17:28:53,090][basehttp.py:157]"OPTIONS /v1/api/menu/ HTTP/1.0" 200 0
[INFO][2020-08-21 17:28:53,092][basehttp.py:157]"OPTIONS /v1/goods/category/3?limit=9999 HTTP/1.0" 200 0
[INFO][2020-08-21 17:28:53,168][basehttp.py:157]"GET /v1/api/menu/ HTTP/1.0" 200 674
[INFO][2020-08-21 17:28:53,190][basehttp.py:157]"GET /v1/goods/category/3?limit=9999 HTTP/1.0" 200 1362
[INFO][2020-08-21 17:28:56,734][basehttp.py:157]"OPTIONS /v1/goods/goodsinfo/16 HTTP/1.0" 200 0
[INFO][2020-08-21 17:28:56,767][basehttp.py:157]"GET /v1/goods/goodsinfo/16 HTTP/1.0" 200 1129
[INFO][2020-08-21 17:29:01,104][basehttp.py:157]"OPTIONS /v1/goods/image/upload/ HTTP/1.1" 200 0
[INFO][2020-08-21 17:29:01,172][basehttp.py:157]"POST /v1/goods/image/upload/ HTTP/1.1" 200 112
[WARNING][2020-08-21 17:29:02,027][log.py:230]Not Found: /v1//goods/media/image/banner2_yBdOOow.gif
[WARNING][2020-08-21 17:29:02,027][basehttp.py:157]"GET /v1//goods/media/image/banner2_yBdOOow.gif HTTP/1.1" 404 5536
[INFO][2020-08-21 17:29:13,112][basehttp.py:157]"GET /v1/goods/category/3?limit=9999 HTTP/1.0" 200 1362
[INFO][2020-08-21 17:29:16,639][basehttp.py:157]"GET /v1/goods/goodsinfo/16 HTTP/1.0" 200 1129
[INFO][2020-08-21 17:29:20,541][basehttp.py:157]"POST /v1/goods/image/upload/ HTTP/1.1" 200 104
[WARNING][2020-08-21 17:29:21,674][log.py:230]Not Found: /v1/goods/media/image/banner2.png
[WARNING][2020-08-21 17:29:21,676][basehttp.py:157]"GET /v1/goods/media/image/banner2.png HTTP/1.1" 404 5509
[INFO][2020-08-21 17:30:27,322][basehttp.py:157]"GET /v1/goods/category/3?limit=9999 HTTP/1.0" 200 1362
[INFO][2020-08-21 17:30:31,330][basehttp.py:157]"GET /v1/goods/goodsinfo/16 HTTP/1.0" 200 1129
[INFO][2020-08-21 17:30:34,333][basehttp.py:157]"POST /v1/goods/image/upload/ HTTP/1.1" 200 122
[INFO][2020-08-21 17:30:35,312][basehttp.py:157]"GET /goods/media/image/jinrituiijian2_07_LD3hLIP.jpg HTTP/1.1" 200 7055
[INFO][2020-08-21 17:31:22,526][basehttp.py:157]"GET /v1/api/menu/ HTTP/1.0" 200 674
[INFO][2020-08-21 17:31:22,550][basehttp.py:157]"GET /v1/goods/category/3?limit=9999 HTTP/1.0" 200 1362
[INFO][2020-08-21 17:31:26,646][basehttp.py:157]"GET /v1/goods/goodsinfo/16 HTTP/1.0" 200 1129
[INFO][2020-08-21 17:31:30,123][basehttp.py:157]"POST /v1/goods/image/upload/ HTTP/1.0" 200 104
[INFO][2020-08-21 17:31:39,668][basehttp.py:157]"POST /v1/goods/image/upload/ HTTP/1.0" 200 122
[INFO][2020-08-21 17:34:01,797][basehttp.py:157]"POST /v1/goods/image/upload/ HTTP/1.0" 200 116
[INFO][2020-08-22 16:14:00,424][autoreload.py:612]Watching for file changes with StatReloader
[INFO][2020-08-22 16:14:37,678][basehttp.py:157]"OPTIONS /v1/api/user/?offset=0&limit=5&username= HTTP/1.0" 200 0
[INFO][2020-08-22 16:14:37,679][basehttp.py:157]"OPTIONS /v1/api/menu/ HTTP/1.0" 200 0
[INFO][2020-08-22 16:14:37,728][basehttp.py:157]"GET /v1/api/menu/ HTTP/1.0" 200 674
[INFO][2020-08-22 16:14:37,747][basehttp.py:157]"GET /v1/api/user/?offset=0&limit=5&username= HTTP/1.0" 200 772
[INFO][2020-08-22 16:14:56,132][basehttp.py:157]"GET /v1/api/menu/ HTTP/1.0" 200 674
[INFO][2020-08-22 16:14:56,140][basehttp.py:157]"GET /v1/api/user/?offset=0&limit=5&username= HTTP/1.0" 200 772
[INFO][2020-08-22 16:15:01,655][basehttp.py:157]"OPTIONS /v1/goods/goodslist/?goods_name=&offset=0&limit=10 HTTP/1.0" 200 0
[INFO][2020-08-22 16:15:01,671][basehttp.py:157]"GET /v1/goods/goodslist/?goods_name=&offset=0&limit=10 HTTP/1.0" 200 2507
[INFO][2020-08-22 16:15:15,382][basehttp.py:157]"GET /v1/api/menu/ HTTP/1.0" 200 674
[INFO][2020-08-22 16:15:15,384][basehttp.py:157]"GET /v1/goods/goodslist/?goods_name=&offset=0&limit=10 HTTP/1.0" 200 2507
[INFO][2020-08-22 16:15:18,695][basehttp.py:157]"OPTIONS /v1/goods/category/3?limit=5&offset=0 HTTP/1.0" 200 0
[INFO][2020-08-22 16:15:18,719][basehttp.py:157]"GET /v1/goods/category/3?limit=5&offset=0 HTTP/1.0" 200 1061
[INFO][2020-08-22 16:15:24,013][basehttp.py:157]"GET /v1/api/menu/ HTTP/1.0" 200 674
[INFO][2020-08-22 16:15:24,038][basehttp.py:157]"GET /v1/goods/category/3?limit=5&offset=0 HTTP/1.0" 200 1061
[INFO][2020-08-22 16:15:41,963][basehttp.py:157]"GET /v1/api/menu/ HTTP/1.0" 200 674
[INFO][2020-08-22 16:15:41,979][basehttp.py:157]"GET /v1/goods/category/3?limit=5&offset=0 HTTP/1.0" 200 1061
[INFO][2020-08-22 16:15:47,618][basehttp.py:157]"OPTIONS /v1/order/list?limit=5&offset=0&order_number= HTTP/1.0" 200 0
[INFO][2020-08-22 16:15:47,624][basehttp.py:157]"OPTIONS /v1/order/list/?limit=5&offset=0&order_number= HTTP/1.0" 200 0
[INFO][2020-08-22 16:15:47,638][basehttp.py:157]"GET /v1/order/list/?limit=5&offset=0&order_number= HTTP/1.0" 200 986
[INFO][2020-08-22 16:15:56,988][basehttp.py:157]"GET /v1/api/user/?offset=0&limit=5&username= HTTP/1.0" 200 772
[INFO][2020-08-22 17:16:06,290][basehttp.py:157]"GET /v1/api/menu/ HTTP/1.0" 200 674
[INFO][2020-08-22 17:16:06,312][basehttp.py:157]"GET /v1/api/user/?offset=0&limit=5&username= HTTP/1.0" 200 772
[INFO][2020-08-22 17:16:24,810][basehttp.py:157]"GET /v1/goods/goodslist/?goods_name=&offset=0&limit=10 HTTP/1.0" 200 2507
[INFO][2020-08-22 17:21:50,877][basehttp.py:157]"OPTIONS /v1/goods/category/3?limit=9999 HTTP/1.0" 200 0
[INFO][2020-08-22 17:21:50,910][basehttp.py:157]"GET /v1/goods/category/3?limit=9999 HTTP/1.0" 200 1362
[INFO][2020-08-22 17:21:52,138][basehttp.py:157]"GET /v1/goods/category/3?limit=5&offset=0 HTTP/1.0" 200 1061
[INFO][2020-08-22 17:22:05,740][basehttp.py:157]"GET /v1/api/menu/ HTTP/1.0" 200 674
[INFO][2020-08-22 17:22:05,748][basehttp.py:157]"GET /v1/goods/category/3?limit=5&offset=0 HTTP/1.0" 200 1061
[INFO][2020-08-22 17:22:13,633][basehttp.py:157]"GET /v1/order/list/?limit=5&offset=0&order_number= HTTP/1.0" 200 986
[INFO][2020-08-22 17:22:33,212][basehttp.py:157]"OPTIONS /v1/api/user/roleperm/ HTTP/1.0" 200 0
[INFO][2020-08-22 17:22:33,296][basehttp.py:157]"GET /v1/api/user/roleperm/ HTTP/1.0" 200 1253
[INFO][2020-08-22 17:22:59,633][basehttp.py:157]"GET /v1/goods/category/3?limit=5&offset=0 HTTP/1.0" 200 1061
[INFO][2020-08-22 17:23:02,786][basehttp.py:157]"GET /v1/goods/category/3?limit=9999 HTTP/1.0" 200 1362
[INFO][2020-08-22 17:23:31,732][basehttp.py:157]"GET /v1/api/menu/ HTTP/1.0" 200 674
[INFO][2020-08-22 17:23:31,734][basehttp.py:157]"GET /v1/goods/category/3?limit=9999 HTTP/1.0" 200 1362
[INFO][2020-08-22 17:23:33,037][basehttp.py:157]"GET /v1/goods/goodslist/?goods_name=&offset=0&limit=10 HTTP/1.0" 200 2507
[INFO][2020-08-22 17:23:35,626][basehttp.py:157]"GET /v1/goods/goodslist/?goods_name=&offset=0&limit=10 HTTP/1.0" 200 2507
[INFO][2020-08-22 17:23:35,627][basehttp.py:157]"GET /v1/api/menu/ HTTP/1.0" 200 674
[INFO][2020-08-22 17:23:49,048][basehttp.py:157]"GET /v1/goods/goodslist/?goods_name=&offset=0&limit=10 HTTP/1.0" 200 2507
[INFO][2020-08-22 17:23:49,050][basehttp.py:157]"GET /v1/api/menu/ HTTP/1.0" 200 674
[INFO][2020-08-22 17:23:57,916][basehttp.py:157]"GET /v1/goods/goodslist/?goods_name=&offset=0&limit=10 HTTP/1.0" 200 2507
[INFO][2020-08-22 17:23:57,922][basehttp.py:157]"GET /v1/api/menu/ HTTP/1.0" 200 674
[INFO][2020-08-22 17:23:59,630][basehttp.py:157]"GET /v1/api/code?code_id=31505881-44f9-41ff-b697-a7b1f7fc43d8 HTTP/1.1" 301 0
[INFO][2020-08-22 17:23:59,768][basehttp.py:157]"GET /v1/api/code/?code_id=31505881-44f9-41ff-b697-a7b1f7fc43d8 HTTP/1.1" 200 8464
[INFO][2020-08-22 17:24:03,468][basehttp.py:157]"OPTIONS /v1/api/user/login/ HTTP/1.0" 200 0
[INFO][2020-08-22 17:24:03,637][basehttp.py:157]"POST /v1/api/user/login/ HTTP/1.0" 200 309
[INFO][2020-08-22 17:24:03,745][basehttp.py:157]"GET /v1/api/menu/ HTTP/1.0" 200 674
[INFO][2020-08-22 17:24:03,748][basehttp.py:157]"GET /v1/api/user/?offset=0&limit=5&username= HTTP/1.0" 200 772
[INFO][2020-08-22 17:24:05,457][basehttp.py:157]"GET /v1/goods/goodslist/?goods_name=&offset=0&limit=10 HTTP/1.0" 200 2507
[INFO][2020-08-22 17:25:02,509][basehttp.py:157]"GET /v1/api/menu/ HTTP/1.0" 200 674
[INFO][2020-08-22 17:25:02,513][basehttp.py:157]"GET /v1/goods/goodslist/?goods_name=&offset=0&limit=10 HTTP/1.0" 200 2507
[INFO][2020-08-22 17:25:15,051][basehttp.py:157]"GET /v1/goods/goodslist/?goods_name=&offset=0&limit=10 HTTP/1.0" 200 2507
[INFO][2020-08-22 17:25:15,061][basehttp.py:157]"GET /v1/api/menu/ HTTP/1.0" 200 674
[INFO][2020-08-22 17:25:26,950][basehttp.py:157]"GET /v1/goods/goodslist/?goods_name=&offset=0&limit=10 HTTP/1.0" 200 2507
[INFO][2020-08-22 17:25:26,952][basehttp.py:157]"GET /v1/api/menu/ HTTP/1.0" 200 674
[INFO][2020-08-22 17:25:35,452][basehttp.py:157]"GET /v1/goods/goodslist/?goods_name=&offset=0&limit=10 HTTP/1.0" 200 2507
[INFO][2020-08-22 17:25:35,454][basehttp.py:157]"GET /v1/api/menu/ HTTP/1.0" 200 674
[INFO][2020-08-22 17:25:53,818][basehttp.py:157]"GET /v1/goods/goodslist/?goods_name=&offset=0&limit=10 HTTP/1.0" 200 2507
[INFO][2020-08-22 17:25:53,819][basehttp.py:157]"GET /v1/api/menu/ HTTP/1.0" 200 674
[INFO][2020-08-22 17:26:20,004][basehttp.py:157]"GET /v1/goods/goodslist/?goods_name=&offset=0&limit=10 HTTP/1.0" 200 2507
[INFO][2020-08-22 17:26:20,004][basehttp.py:157]"GET /v1/api/menu/ HTTP/1.0" 200 674
[INFO][2020-08-22 17:26:23,874][basehttp.py:157]"GET /v1/api/menu/ HTTP/1.0" 200 674
[INFO][2020-08-22 17:26:23,877][basehttp.py:157]"GET /v1/goods/goodslist/?goods_name=&offset=0&limit=10 HTTP/1.0" 200 2507
[INFO][2020-08-22 17:26:44,930][basehttp.py:157]"GET /v1/goods/goodslist/?goods_name=&offset=0&limit=10 HTTP/1.0" 200 2507
[INFO][2020-08-22 17:26:44,933][basehttp.py:157]"GET /v1/api/menu/ HTTP/1.0" 200 674
[INFO][2020-08-22 17:26:52,488][basehttp.py:157]"GET /v1/goods/goodslist/?goods_name=&offset=0&limit=10 HTTP/1.0" 200 2507
[INFO][2020-08-22 17:26:52,490][basehttp.py:157]"GET /v1/api/menu/ HTTP/1.0" 200 674
[INFO][2020-08-22 17:27:08,529][basehttp.py:157]"GET /v1/api/menu/ HTTP/1.0" 200 674
[INFO][2020-08-22 17:27:08,538][basehttp.py:157]"GET /v1/goods/goodslist/?goods_name=&offset=0&limit=10 HTTP/1.0" 200 2507
[INFO][2020-08-22 17:27:43,843][basehttp.py:157]"GET /v1/api/menu/ HTTP/1.0" 200 674
[INFO][2020-08-22 17:27:43,861][basehttp.py:157]"GET /v1/goods/goodslist/?goods_name=&offset=0&limit=10 HTTP/1.0" 200 2507
[INFO][2020-08-22 17:28:14,344][basehttp.py:157]"GET /v1/api/menu/ HTTP/1.0" 200 674
[INFO][2020-08-22 17:28:14,345][basehttp.py:157]"GET /v1/goods/goodslist/?goods_name=&offset=0&limit=10 HTTP/1.0" 200 2507
[INFO][2020-08-22 17:28:33,657][basehttp.py:157]"GET /v1/goods/category/3?limit=9999 HTTP/1.0" 200 1362
[INFO][2020-08-22 17:28:34,137][basehttp.py:157]"GET /v1/goods/category/3?limit=5&offset=0 HTTP/1.0" 200 1061
[INFO][2020-08-22 17:28:45,474][basehttp.py:157]"GET /v1/order/list?limit=5&offset=0&order_number= HTTP/1.0" 301 0
[INFO][2020-08-22 17:28:45,492][basehttp.py:157]"GET /v1/order/list/?limit=5&offset=0&order_number= HTTP/1.0" 200 986
[INFO][2020-08-22 17:29:14,217][basehttp.py:157]"GET /v1/goods/goodslist/?goods_name=&offset=0&limit=10 HTTP/1.0" 200 2507
[INFO][2020-08-22 17:30:34,250][basehttp.py:157]"GET /v1/goods/goodslist/?goods_name=&offset=0&limit=10 HTTP/1.0" 200 2507
[INFO][2020-08-22 17:30:34,251][basehttp.py:157]"GET /v1/api/menu/ HTTP/1.0" 200 674
[INFO][2020-08-22 17:30:57,574][basehttp.py:157]"GET /v1/api/menu/ HTTP/1.0" 200 674
[INFO][2020-08-22 17:30:57,576][basehttp.py:157]"GET /v1/goods/goodslist/?goods_name=&offset=0&limit=10 HTTP/1.0" 200 2507
[INFO][2020-08-22 17:31:01,167][basehttp.py:157]"GET /v1/api/menu/ HTTP/1.0" 200 674
[INFO][2020-08-22 17:31:01,171][basehttp.py:157]"GET /v1/goods/goodslist/?goods_name=&offset=0&limit=10 HTTP/1.0" 200 2507
[INFO][2020-08-22 17:31:29,503][basehttp.py:157]"GET /v1/goods/goodslist/?goods_name=&offset=0&limit=10 HTTP/1.0" 200 2507
[INFO][2020-08-22 17:31:29,507][basehttp.py:157]"GET /v1/api/menu/ HTTP/1.0" 200 674
[INFO][2020-08-22 17:31:41,993][basehttp.py:157]"GET /v1/api/menu/ HTTP/1.0" 200 674
[INFO][2020-08-22 17:31:41,994][basehttp.py:157]"GET /v1/goods/goodslist/?goods_name=&offset=0&limit=10 HTTP/1.0" 200 2507
[INFO][2020-08-22 17:31:47,072][basehttp.py:157]"GET /v1/goods/goodslist/?goods_name=&offset=0&limit=10 HTTP/1.0" 200 2507
[INFO][2020-08-22 17:31:47,088][basehttp.py:157]"GET /v1/api/menu/ HTTP/1.0" 200 674
[INFO][2020-08-22 17:33:02,809][basehttp.py:157]"GET /v1/api/menu/ HTTP/1.0" 200 674
[INFO][2020-08-22 17:33:02,811][basehttp.py:157]"GET /v1/goods/goodslist/?goods_name=&offset=0&limit=10 HTTP/1.0" 200 2507
[INFO][2020-08-22 17:33:38,403][basehttp.py:157]"GET /v1/goods/goodslist/?goods_name=&offset=0&limit=10 HTTP/1.0" 200 2507
[INFO][2020-08-22 17:33:38,405][basehttp.py:157]"GET /v1/api/menu/ HTTP/1.0" 200 674
[INFO][2020-08-22 17:33:56,450][basehttp.py:157]"GET /v1/api/menu/ HTTP/1.0" 200 674
[INFO][2020-08-22 17:33:56,454][basehttp.py:157]"GET /v1/goods/goodslist/?goods_name=&offset=0&limit=10 HTTP/1.0" 200 2507
[INFO][2020-08-22 17:35:37,069][basehttp.py:157]"GET /v1/api/menu/ HTTP/1.0" 200 674
[INFO][2020-08-22 17:35:37,081][basehttp.py:157]"GET /v1/goods/goodslist/?goods_name=&offset=0&limit=10 HTTP/1.0" 200 2507
[INFO][2020-08-22 17:36:30,514][basehttp.py:157]"GET /v1/goods/goodslist/?goods_name=&offset=0&limit=10 HTTP/1.0" 200 2507
[INFO][2020-08-22 17:36:30,515][basehttp.py:157]"GET /v1/api/menu/ HTTP/1.0" 200 674
[INFO][2020-08-22 17:38:23,267][basehttp.py:157]"GET /v1/goods/goodslist/?goods_name=&offset=0&limit=10 HTTP/1.0" 200 2507
[INFO][2020-08-22 17:38:23,269][basehttp.py:157]"GET /v1/api/menu/ HTTP/1.0" 200 674
[INFO][2020-08-22 17:38:26,539][basehttp.py:157]"GET /v1/api/menu/ HTTP/1.0" 200 674
[INFO][2020-08-22 17:38:26,551][basehttp.py:157]"GET /v1/goods/goodslist/?goods_name=&offset=0&limit=10 HTTP/1.0" 200 2507
[INFO][2020-08-22 17:41:33,649][basehttp.py:157]"GET /v1/api/menu/ HTTP/1.0" 200 674
[INFO][2020-08-22 17:41:33,651][basehttp.py:157]"GET /v1/goods/goodslist/?goods_name=&offset=0&limit=10 HTTP/1.0" 200 2507
[INFO][2020-08-22 17:41:54,314][basehttp.py:157]"GET /v1/api/menu/ HTTP/1.0" 200 674
[INFO][2020-08-22 17:41:54,316][basehttp.py:157]"GET /v1/goods/goodslist/?goods_name=&offset=0&limit=10 HTTP/1.0" 200 2507
[INFO][2020-08-22 17:42:07,810][basehttp.py:157]"GET /v1/goods/goodslist/?goods_name=&offset=0&limit=10 HTTP/1.0" 200 2507
[INFO][2020-08-22 17:42:07,810][basehttp.py:157]"GET /v1/api/menu/ HTTP/1.0" 200 674
[INFO][2020-08-22 17:44:47,520][basehttp.py:157]"GET /v1/api/user/?offset=0&limit=5&username= HTTP/1.0" 200 772
[INFO][2020-08-22 17:44:47,547][basehttp.py:157]"GET /v1/api/menu/ HTTP/1.0" 200 674
[INFO][2020-08-22 17:44:50,033][basehttp.py:157]"GET /v1/goods/goodslist/?goods_name=&offset=0&limit=10 HTTP/1.0" 200 2507
[INFO][2020-08-22 20:06:07,252][basehttp.py:157]"OPTIONS /v1/goods/category/3?limit=5&offset=0 HTTP/1.0" 200 0
[INFO][2020-08-22 20:06:07,299][basehttp.py:157]"GET /v1/goods/category/3?limit=5&offset=0 HTTP/1.0" 200 1061
[INFO][2020-08-22 20:06:09,766][basehttp.py:157]"OPTIONS /v1/order/list?limit=5&offset=0&order_number= HTTP/1.0" 200 0
[INFO][2020-08-22 20:06:09,774][basehttp.py:157]"OPTIONS /v1/order/list/?limit=5&offset=0&order_number= HTTP/1.0" 200 0
[INFO][2020-08-22 20:06:09,792][basehttp.py:157]"GET /v1/order/list/?limit=5&offset=0&order_number= HTTP/1.0" 200 986
[INFO][2020-08-22 20:06:11,001][basehttp.py:157]"OPTIONS /v1/goods/goodslist/?goods_name=&offset=0&limit=10 HTTP/1.0" 200 0
[INFO][2020-08-22 20:06:11,018][basehttp.py:157]"GET /v1/goods/goodslist/?goods_name=&offset=0&limit=10 HTTP/1.0" 200 2507
[INFO][2020-08-22 20:06:11,916][basehttp.py:157]"OPTIONS /v1/goods/category/3?limit=9999 HTTP/1.0" 200 0
[INFO][2020-08-22 20:06:11,944][basehttp.py:157]"GET /v1/goods/category/3?limit=9999 HTTP/1.0" 200 1362
[INFO][2020-08-22 20:07:54,242][basehttp.py:157]"GET /v1/goods/goodslist/?goods_name=&offset=0&limit=10 HTTP/1.0" 200 2507
[INFO][2020-08-22 20:42:21,007][basehttp.py:157]"GET /v1/goods/goodslist/?goods_name=&offset=0&limit=10 HTTP/1.0" 200 2507
[INFO][2020-08-22 20:42:26,651][basehttp.py:157]"OPTIONS /v1/api/menu/ HTTP/1.0" 200 0
[INFO][2020-08-22 20:42:26,691][basehttp.py:157]"GET /v1/api/menu/ HTTP/1.0" 200 674
[INFO][2020-08-22 20:42:26,691][basehttp.py:157]"GET /v1/goods/goodslist/?goods_name=&offset=0&limit=10 HTTP/1.0" 200 2507
[INFO][2020-08-22 21:12:22,574][basehttp.py:157]"GET /v1/goods/goodslist/?goods_name=&offset=0&limit=10 HTTP/1.0" 200 2507
[INFO][2020-08-22 21:12:26,136][basehttp.py:157]"GET /v1/goods/goodslist/?goods_name=&offset=0&limit=10 HTTP/1.0" 200 2507
[INFO][2020-08-22 21:12:26,138][basehttp.py:157]"GET /v1/api/menu/ HTTP/1.0" 200 674
[INFO][2020-08-22 21:12:47,774][basehttp.py:157]"GET /v1/goods/category/3?limit=9999 HTTP/1.0" 200 1362
[INFO][2020-08-22 21:12:50,835][basehttp.py:157]"GET /v1/goods/category/3?limit=5&offset=0 HTTP/1.0" 200 1061
[INFO][2020-08-22 21:13:01,667][basehttp.py:157]"GET /v1/goods/goodslist/?goods_name=&offset=0&limit=10 HTTP/1.0" 200 2507
[INFO][2020-08-22 21:14:11,519][basehttp.py:157]"GET /v1/order/list/?limit=5&offset=0&order_number= HTTP/1.0" 200 986
[INFO][2020-08-22 21:14:20,345][basehttp.py:157]"OPTIONS /v1/api/user/?offset=0&limit=5&username= HTTP/1.0" 200 0
[INFO][2020-08-22 21:14:20,361][basehttp.py:157]"GET /v1/api/user/?offset=0&limit=5&username= HTTP/1.0" 200 772
[INFO][2020-08-22 21:19:26,708][basehttp.py:157]"GET /v1/goods/goodslist/?goods_name=&offset=0&limit=10 HTTP/1.0" 200 2507
[INFO][2020-08-22 21:19:55,267][basehttp.py:157]"GET /v1/api/user/?offset=0&limit=5&username= HTTP/1.0" 200 772
[INFO][2020-08-22 21:20:03,687][basehttp.py:157]"GET /v1/goods/goodslist/?goods_name=&offset=0&limit=10 HTTP/1.0" 200 2507
[INFO][2020-08-22 21:20:05,241][basehttp.py:157]"GET /v1/goods/category/3?limit=9999 HTTP/1.0" 200 1362
[INFO][2020-08-22 21:20:06,724][basehttp.py:157]"GET /v1/goods/category/3?limit=5&offset=0 HTTP/1.0" 200 1061
[INFO][2020-08-22 21:20:14,135][basehttp.py:157]"GET /v1/api/menu/ HTTP/1.0" 200 674
[INFO][2020-08-22 21:20:14,150][basehttp.py:157]"GET /v1/goods/category/3?limit=5&offset=0 HTTP/1.0" 200 1061
[INFO][2020-08-22 21:20:15,384][basehttp.py:157]"GET /v1/api/menu/ HTTP/1.0" 200 674
[INFO][2020-08-22 21:20:15,386][basehttp.py:157]"GET /v1/goods/category/3?limit=5&offset=0 HTTP/1.0" 200 1061
[INFO][2020-08-22 21:20:18,294][basehttp.py:157]"GET /v1/api/menu/ HTTP/1.0" 200 674
[INFO][2020-08-22 21:20:18,310][basehttp.py:157]"GET /v1/goods/category/3?limit=5&offset=0 HTTP/1.0" 200 1061
[INFO][2020-08-22 21:20:27,981][basehttp.py:157]"GET /v1/api/menu/ HTTP/1.0" 200 674
[INFO][2020-08-22 21:20:27,983][basehttp.py:157]"GET /v1/goods/category/3?limit=5&offset=0 HTTP/1.0" 200 1061
[INFO][2020-08-22 21:20:50,359][basehttp.py:157]"GET /v1/api/menu/ HTTP/1.0" 200 674
[INFO][2020-08-22 21:20:50,360][basehttp.py:157]"GET /v1/goods/category/3?limit=5&offset=0 HTTP/1.0" 200 1061
[INFO][2020-08-22 21:21:13,033][basehttp.py:157]"GET /v1/api/menu/ HTTP/1.0" 200 674
[INFO][2020-08-22 21:21:13,035][basehttp.py:157]"GET /v1/goods/category/3?limit=5&offset=0 HTTP/1.0" 200 1061
[INFO][2020-08-22 21:21:13,889][basehttp.py:157]"GET /v1/api/menu/ HTTP/1.0" 200 674
[INFO][2020-08-22 21:21:13,906][basehttp.py:157]"GET /v1/goods/category/3?limit=5&offset=0 HTTP/1.0" 200 1061
[INFO][2020-08-22 21:21:28,770][basehttp.py:157]"GET /v1/goods/category/3?limit=5&offset=0 HTTP/1.0" 200 1061
[INFO][2020-08-22 21:21:28,772][basehttp.py:157]"GET /v1/api/menu/ HTTP/1.0" 200 674
[INFO][2020-08-22 21:21:40,022][basehttp.py:157]"OPTIONS /v1/api/user/roleperm/ HTTP/1.0" 200 0
[INFO][2020-08-22 21:21:40,070][basehttp.py:157]"GET /v1/api/user/roleperm/ HTTP/1.0" 200 1253
[INFO][2020-08-22 21:22:44,087][basehttp.py:157]"GET /v1/goods/goodslist/?goods_name=&offset=0&limit=10 HTTP/1.0" 200 2507
[INFO][2020-08-22 21:22:47,207][basehttp.py:157]"GET /v1/goods/category/3?limit=9999 HTTP/1.0" 200 1362
[INFO][2020-08-22 21:22:50,990][basehttp.py:157]"GET /v1/api/user/?offset=0&limit=5&username= HTTP/1.0" 200 772
[INFO][2020-08-22 21:23:04,193][basehttp.py:157]"OPTIONS /v1/api/user/rolelist/?limit=1000 HTTP/1.0" 200 0
[INFO][2020-08-22 21:23:04,214][basehttp.py:157]"GET /v1/api/user/rolelist/?limit=1000 HTTP/1.0" 200 421
[INFO][2020-08-22 21:23:24,388][basehttp.py:157]"GET /v1/api/menu/ HTTP/1.0" 200 674
[INFO][2020-08-22 21:23:24,389][basehttp.py:157]"GET /v1/api/user/?offset=0&limit=5&username= HTTP/1.0" 200 772
[INFO][2020-08-22 21:23:28,413][basehttp.py:157]"GET /v1/api/menu/ HTTP/1.0" 200 674
[INFO][2020-08-22 21:23:28,428][basehttp.py:157]"GET /v1/api/user/?offset=0&limit=5&username= HTTP/1.0" 200 772
[INFO][2020-08-22 21:23:30,114][basehttp.py:157]"OPTIONS /v1/api/user/116 HTTP/1.0" 200 0
[INFO][2020-08-22 21:23:30,126][basehttp.py:157]"PUT /v1/api/user/116 HTTP/1.0" 200 43
[INFO][2020-08-22 21:23:30,735][basehttp.py:157]"PUT /v1/api/user/116 HTTP/1.0" 200 43
[INFO][2020-08-22 21:24:44,704][basehttp.py:157]"GET /v1/api/code?code_id=ad577598-29d2-46e0-964f-456154c3ed02 HTTP/1.1" 301 0
[INFO][2020-08-22 21:24:44,767][basehttp.py:157]"GET /v1/api/code/?code_id=ad577598-29d2-46e0-964f-456154c3ed02 HTTP/1.1" 200 6925
[INFO][2020-08-22 21:24:58,225][basehttp.py:157]"GET /v1/api/code?code_id=bf750cb2-71dc-4f3c-a034-3a694f043e89 HTTP/1.1" 301 0
[INFO][2020-08-22 21:24:58,280][basehttp.py:157]"GET /v1/api/code/?code_id=bf750cb2-71dc-4f3c-a034-3a694f043e89 HTTP/1.1" 200 7338
[INFO][2020-08-22 21:25:03,122][basehttp.py:157]"OPTIONS /v1/api/user/login/ HTTP/1.0" 200 0
[INFO][2020-08-22 21:25:03,267][basehttp.py:157]"POST /v1/api/user/login/ HTTP/1.0" 200 309
[INFO][2020-08-22 21:25:03,389][basehttp.py:157]"GET /v1/api/menu/ HTTP/1.0" 200 674
[INFO][2020-08-22 21:25:03,397][basehttp.py:157]"GET /v1/api/user/?offset=0&limit=5&username= HTTP/1.0" 200 772
[INFO][2020-08-22 21:25:29,600][basehttp.py:157]"GET /v1/api/menu/ HTTP/1.0" 200 674
[INFO][2020-08-22 21:25:29,616][basehttp.py:157]"GET /v1/api/user/?offset=0&limit=5&username= HTTP/1.0" 200 772
[INFO][2020-08-22 21:25:30,466][basehttp.py:157]"GET /v1/api/menu/ HTTP/1.0" 200 674
[INFO][2020-08-22 21:25:30,480][basehttp.py:157]"GET /v1/api/user/?offset=0&limit=5&username= HTTP/1.0" 200 772
[INFO][2020-08-22 21:25:35,249][basehttp.py:157]"GET /v1/api/user/roleperm/ HTTP/1.0" 200 1253
[INFO][2020-08-22 21:25:37,981][basehttp.py:157]"OPTIONS /v1/api/perm/?limit=5&offset=0 HTTP/1.0" 200 0
[INFO][2020-08-22 21:25:38,004][basehttp.py:157]"GET /v1/api/perm/?limit=5&offset=0 HTTP/1.0" 200 555
[INFO][2020-08-22 21:26:07,134][basehttp.py:157]"GET /v1/api/user/roleperm/ HTTP/1.0" 200 1253
[INFO][2020-08-22 21:26:11,801][basehttp.py:157]"GET /v1/api/perm/?limit=5&offset=0 HTTP/1.0" 200 555
[INFO][2020-08-22 21:26:13,451][basehttp.py:157]"GET /v1/goods/goodslist/?goods_name=&offset=0&limit=10 HTTP/1.0" 200 2507
[INFO][2020-08-22 21:26:20,169][basehttp.py:157]"GET /v1/goods/category/3?limit=9999 HTTP/1.0" 200 1362
[INFO][2020-08-22 21:26:21,395][basehttp.py:157]"GET /v1/goods/goodslist/?goods_name=&offset=0&limit=10 HTTP/1.0" 200 2507
[INFO][2020-08-22 21:26:38,071][basehttp.py:157]"GET /v1/goods/category/3?limit=9999 HTTP/1.0" 200 1362
[INFO][2020-08-22 21:26:39,275][basehttp.py:157]"GET /v1/goods/category/3?limit=5&offset=0 HTTP/1.0" 200 1061
[INFO][2020-08-22 21:26:47,981][basehttp.py:157]"GET /v1/api/menu/ HTTP/1.0" 200 674
[INFO][2020-08-22 21:26:47,986][basehttp.py:157]"GET /v1/goods/category/3?limit=5&offset=0 HTTP/1.0" 200 1061
[INFO][2020-08-22 21:26:48,823][basehttp.py:157]"GET /v1/goods/category/3?limit=5&offset=0 HTTP/1.0" 200 1061
[INFO][2020-08-22 21:26:48,827][basehttp.py:157]"GET /v1/api/menu/ HTTP/1.0" 200 674
[INFO][2020-08-22 21:26:59,941][basehttp.py:157]"GET /v1/api/menu/ HTTP/1.0" 200 674
[INFO][2020-08-22 21:26:59,942][basehttp.py:157]"GET /v1/goods/category/3?limit=5&offset=0 HTTP/1.0" 200 1061
[INFO][2020-08-22 21:27:11,153][basehttp.py:157]"GET /v1/goods/category/3?limit=5&offset=0 HTTP/1.0" 200 1061
[INFO][2020-08-22 21:27:11,154][basehttp.py:157]"GET /v1/api/menu/ HTTP/1.0" 200 674
[INFO][2020-08-22 21:27:13,135][basehttp.py:157]"GET /v1/goods/goodslist/?goods_name=&offset=0&limit=10 HTTP/1.0" 200 2507
[INFO][2020-08-22 21:27:17,712][basehttp.py:157]"GET /v1/goods/category/3?limit=9999 HTTP/1.0" 200 1362
[INFO][2020-08-22 21:27:18,723][basehttp.py:157]"GET /v1/goods/goodslist/?goods_name=&offset=0&limit=10 HTTP/1.0" 200 2507
[INFO][2020-08-22 21:27:19,841][basehttp.py:157]"GET /v1/api/user/?offset=0&limit=5&username= HTTP/1.0" 200 772
[INFO][2020-08-22 21:27:28,964][basehttp.py:157]"GET /v1/api/menu/ HTTP/1.0" 200 674
[INFO][2020-08-22 21:27:28,975][basehttp.py:157]"GET /v1/api/user/?offset=0&limit=5&username= HTTP/1.0" 200 772
[INFO][2020-08-22 21:27:30,708][basehttp.py:157]"GET /v1/api/menu/ HTTP/1.0" 200 674
[INFO][2020-08-22 21:27:30,720][basehttp.py:157]"GET /v1/api/user/?offset=0&limit=5&username= HTTP/1.0" 200 772
[INFO][2020-08-22 21:27:35,982][basehttp.py:157]"GET /v1/api/menu/ HTTP/1.0" 200 674
[INFO][2020-08-22 21:27:35,991][basehttp.py:157]"GET /v1/api/user/?offset=0&limit=5&username= HTTP/1.0" 200 772
[INFO][2020-08-22 21:27:38,747][basehttp.py:157]"GET /v1/goods/goodslist/?goods_name=&offset=0&limit=10 HTTP/1.0" 200 2507
[INFO][2020-08-22 21:27:46,601][basehttp.py:157]"GET /v1/api/code?code_id=3a26f2fc-80df-467e-891e-b4e817889cfa HTTP/1.1" 301 0
[INFO][2020-08-22 21:27:46,659][basehttp.py:157]"GET /v1/api/code/?code_id=3a26f2fc-80df-467e-891e-b4e817889cfa HTTP/1.1" 200 7860
[INFO][2020-08-22 21:27:56,807][basehttp.py:157]"GET /v1/api/code?code_id=f9cc4666-8539-4255-afd2-46559fba7f3e HTTP/1.1" 301 0
[INFO][2020-08-22 21:27:56,863][basehttp.py:157]"GET /v1/api/code/?code_id=f9cc4666-8539-4255-afd2-46559fba7f3e HTTP/1.1" 200 7699
[INFO][2020-08-22 21:27:57,648][basehttp.py:157]"GET /v1/api/code?code_id=e3998a89-0e23-418f-8796-43636bdb89b2 HTTP/1.1" 301 0
[INFO][2020-08-22 21:27:57,703][basehttp.py:157]"GET /v1/api/code/?code_id=e3998a89-0e23-418f-8796-43636bdb89b2 HTTP/1.1" 200 7929
[INFO][2020-08-22 21:28:02,614][basehttp.py:157]"POST /v1/api/user/login/ HTTP/1.0" 200 309
[INFO][2020-08-22 21:28:02,743][basehttp.py:157]"GET /v1/api/menu/ HTTP/1.0" 200 674
[INFO][2020-08-22 21:28:02,755][basehttp.py:157]"GET /v1/api/user/?offset=0&limit=5&username= HTTP/1.0" 200 772
[INFO][2020-08-22 21:28:13,183][basehttp.py:157]"GET /v1/goods/category/3?limit=9999 HTTP/1.0" 200 1362
[INFO][2020-08-22 21:28:14,175][basehttp.py:157]"GET /v1/goods/category/3?limit=5&offset=0 HTTP/1.0" 200 1061
[INFO][2020-08-22 21:28:24,956][basehttp.py:157]"GET /v1/order/list/?limit=5&offset=0&order_number= HTTP/1.0" 200 986
[INFO][2020-08-22 21:28:32,720][basehttp.py:157]"GET /v1/api/user/?offset=0&limit=5&username= HTTP/1.0" 200 772
[INFO][2020-08-22 21:29:20,811][basehttp.py:157]"GET /v1/api/user/roleperm/ HTTP/1.0" 200 1253
[INFO][2020-08-22 21:29:30,842][basehttp.py:157]"GET /v1/api/perm/?limit=5&offset=0 HTTP/1.0" 200 555
[INFO][2020-08-22 21:29:32,269][basehttp.py:157]"GET /v1/goods/goodslist/?goods_name=&offset=0&limit=10 HTTP/1.0" 200 2507
[INFO][2020-08-22 21:29:36,332][basehttp.py:157]"GET /v1/goods/category/3?limit=9999 HTTP/1.0" 200 1362
[INFO][2020-08-22 21:29:38,280][basehttp.py:157]"GET /v1/goods/category/3?limit=5&offset=0 HTTP/1.0" 200 1061
[INFO][2020-08-22 21:31:18,744][basehttp.py:157]"GET /v1/goods/category/3?limit=5&offset=0 HTTP/1.0" 200 1061
[INFO][2020-08-22 21:31:18,745][basehttp.py:157]"GET /v1/api/menu/ HTTP/1.0" 200 674
[INFO][2020-08-22 21:31:30,477][basehttp.py:157]"GET /v1/goods/goodslist/?goods_name=&offset=0&limit=10 HTTP/1.0" 200 2507
[INFO][2020-08-22 21:31:49,694][basehttp.py:157]"GET /v1/api/menu/ HTTP/1.0" 200 674
[INFO][2020-08-22 21:31:49,696][basehttp.py:157]"GET /v1/goods/goodslist/?goods_name=&offset=0&limit=10 HTTP/1.0" 200 2507
[INFO][2020-08-22 21:31:50,818][basehttp.py:157]"GET /v1/goods/category/3?limit=9999 HTTP/1.0" 200 1362
[INFO][2020-08-22 21:31:52,246][basehttp.py:157]"GET /v1/goods/category/3?limit=5&offset=0 HTTP/1.0" 200 1061
[INFO][2020-08-22 21:31:59,775][basehttp.py:157]"GET /v1/goods/goodslist/?goods_name=&offset=0&limit=10 HTTP/1.0" 200 2507
[INFO][2020-08-22 21:34:16,706][basehttp.py:157]"GET /v1/goods/category/3?limit=9999 HTTP/1.0" 200 1362
[INFO][2020-08-22 21:34:17,787][basehttp.py:157]"GET /v1/goods/category/3?limit=5&offset=0 HTTP/1.0" 200 1061
[INFO][2020-08-22 21:34:30,458][basehttp.py:157]"GET /v1/api/user/?offset=0&limit=5&username= HTTP/1.0" 200 772
[INFO][2020-08-22 21:35:15,612][basehttp.py:157]"GET /v1/api/menu/ HTTP/1.0" 200 674
[INFO][2020-08-22 21:35:15,619][basehttp.py:157]"GET /v1/api/user/?offset=0&limit=5&username= HTTP/1.0" 200 772
[INFO][2020-08-22 21:35:33,031][basehttp.py:157]"GET /v1/api/menu/ HTTP/1.0" 200 674
[INFO][2020-08-22 21:35:33,052][basehttp.py:157]"GET /v1/api/user/?offset=0&limit=5&username= HTTP/1.0" 200 772
[INFO][2020-08-22 21:37:58,472][basehttp.py:157]"GET /v1/api/menu/ HTTP/1.0" 200 674
[INFO][2020-08-22 21:37:58,486][basehttp.py:157]"GET /v1/api/user/?offset=0&limit=5&username= HTTP/1.0" 200 772
[INFO][2020-08-22 21:38:02,228][basehttp.py:157]"GET /v1/api/menu/ HTTP/1.0" 200 674
[INFO][2020-08-22 21:38:02,243][basehttp.py:157]"GET /v1/api/user/?offset=0&limit=5&username= HTTP/1.0" 200 772
[INFO][2020-08-22 21:38:23,961][basehttp.py:157]"GET /v1/api/menu/ HTTP/1.0" 200 674
[INFO][2020-08-22 21:38:23,962][basehttp.py:157]"GET /v1/api/user/?offset=0&limit=5&username= HTTP/1.0" 200 772
[INFO][2020-08-22 21:40:18,650][basehttp.py:157]"GET /v1/api/menu/ HTTP/1.0" 200 674
[INFO][2020-08-22 21:40:18,659][basehttp.py:157]"GET /v1/api/user/?offset=0&limit=5&username= HTTP/1.0" 200 772
[INFO][2020-08-22 21:41:35,762][basehttp.py:157]"GET /v1/api/menu/ HTTP/1.0" 200 674
[INFO][2020-08-22 21:41:35,773][basehttp.py:157]"GET /v1/api/user/?offset=0&limit=5&username= HTTP/1.0" 200 772
[INFO][2020-08-22 21:46:23,327][basehttp.py:157]"GET /v1/api/menu/ HTTP/1.0" 200 674
[INFO][2020-08-22 21:46:23,337][basehttp.py:157]"GET /v1/api/user/?offset=0&limit=5&username= HTTP/1.0" 200 772
[INFO][2020-08-22 21:52:58,643][basehttp.py:157]"GET /v1/api/menu/ HTTP/1.0" 200 674
[INFO][2020-08-22 21:52:58,645][basehttp.py:157]"GET /v1/api/user/?offset=0&limit=5&username= HTTP/1.0" 200 772
[INFO][2020-08-22 21:53:11,073][basehttp.py:157]"GET /v1/api/menu/ HTTP/1.0" 200 674
[INFO][2020-08-22 21:53:11,088][basehttp.py:157]"GET /v1/api/user/?offset=0&limit=5&username= HTTP/1.0" 200 772
[INFO][2020-08-22 21:53:33,429][basehttp.py:157]"GET /v1/api/menu/ HTTP/1.0" 200 674
[INFO][2020-08-22 21:53:33,444][basehttp.py:157]"GET /v1/api/user/?offset=0&limit=5&username= HTTP/1.0" 200 772
[INFO][2020-08-22 21:53:51,730][basehttp.py:157]"GET /v1/api/menu/ HTTP/1.0" 200 674
[INFO][2020-08-22 21:53:51,742][basehttp.py:157]"GET /v1/api/user/?offset=0&limit=5&username= HTTP/1.0" 200 772
[INFO][2020-08-22 21:55:04,375][basehttp.py:157]"GET /v1/api/menu/ HTTP/1.0" 200 674
[INFO][2020-08-22 21:55:04,388][basehttp.py:157]"GET /v1/api/user/?offset=0&limit=5&username= HTTP/1.0" 200 772
[INFO][2020-08-22 21:55:32,455][basehttp.py:157]"GET /v1/api/menu/ HTTP/1.0" 200 674
[INFO][2020-08-22 21:55:32,468][basehttp.py:157]"GET /v1/api/user/?offset=0&limit=5&username= HTTP/1.0" 200 772
[INFO][2020-08-22 21:55:39,512][basehttp.py:157]"GET /v1/api/user/?offset=0&limit=5&username= HTTP/1.0" 200 772
[INFO][2020-08-22 21:55:39,512][basehttp.py:157]"GET /v1/api/menu/ HTTP/1.0" 200 674
[INFO][2020-08-22 21:55:45,058][basehttp.py:157]"GET /v1/api/menu/ HTTP/1.0" 200 674
[INFO][2020-08-22 21:55:45,074][basehttp.py:157]"GET /v1/api/user/?offset=0&limit=5&username= HTTP/1.0" 200 772
[INFO][2020-08-22 21:56:08,749][basehttp.py:157]"GET /v1/api/user/?offset=0&limit=5&username= HTTP/1.0" 200 772
[INFO][2020-08-22 21:56:08,750][basehttp.py:157]"GET /v1/api/menu/ HTTP/1.0" 200 674
[INFO][2020-08-22 21:56:15,754][basehttp.py:157]"GET /v1/api/menu/ HTTP/1.0" 200 674
[INFO][2020-08-22 21:56:15,765][basehttp.py:157]"GET /v1/api/user/?offset=0&limit=5&username= HTTP/1.0" 200 772
[INFO][2020-08-22 21:56:25,654][basehttp.py:157]"GET /v1/api/menu/ HTTP/1.0" 200 674
[INFO][2020-08-22 21:56:25,670][basehttp.py:157]"GET /v1/api/user/?offset=0&limit=5&username= HTTP/1.0" 200 772
[INFO][2020-08-22 21:57:18,858][basehttp.py:157]"GET /v1/api/menu/ HTTP/1.0" 200 674
[INFO][2020-08-22 21:57:18,871][basehttp.py:157]"GET /v1/api/user/?offset=0&limit=5&username= HTTP/1.0" 200 772
[INFO][2020-08-22 21:57:30,223][basehttp.py:157]"GET /v1/api/menu/ HTTP/1.0" 200 674
[INFO][2020-08-22 21:57:30,237][basehttp.py:157]"GET /v1/api/user/?offset=0&limit=5&username= HTTP/1.0" 200 772
[INFO][2020-08-22 21:59:49,506][basehttp.py:157]"GET /v1/api/menu/ HTTP/1.0" 200 674
[INFO][2020-08-22 21:59:49,513][basehttp.py:157]"GET /v1/api/user/?offset=0&limit=5&username= HTTP/1.0" 200 772
[INFO][2020-08-22 22:00:23,686][basehttp.py:157]"GET /v1/api/menu/ HTTP/1.0" 200 674
[INFO][2020-08-22 22:00:23,700][basehttp.py:157]"GET /v1/api/user/?offset=0&limit=5&username= HTTP/1.0" 200 772
[INFO][2020-08-22 22:00:57,811][basehttp.py:157]"GET /v1/api/menu/ HTTP/1.0" 200 674
[INFO][2020-08-22 22:00:57,827][basehttp.py:157]"GET /v1/api/user/?offset=0&limit=5&username= HTTP/1.0" 200 772
[INFO][2020-08-22 22:01:08,155][basehttp.py:157]"GET /v1/api/menu/ HTTP/1.0" 200 674
[INFO][2020-08-22 22:01:08,170][basehttp.py:157]"GET /v1/api/user/?offset=0&limit=5&username= HTTP/1.0" 200 772
[INFO][2020-08-22 22:01:58,134][basehttp.py:157]"GET /v1/api/user/?offset=0&limit=5&username= HTTP/1.0" 200 772
[INFO][2020-08-22 22:01:58,135][basehttp.py:157]"GET /v1/api/menu/ HTTP/1.0" 200 674
[INFO][2020-08-22 22:02:10,168][basehttp.py:157]"GET /v1/api/user/?offset=0&limit=5&username= HTTP/1.0" 200 772
[INFO][2020-08-22 22:02:10,179][basehttp.py:157]"GET /v1/api/menu/ HTTP/1.0" 200 674
[INFO][2020-08-22 22:06:14,188][basehttp.py:157]"GET /v1/api/menu/ HTTP/1.0" 200 674
[INFO][2020-08-22 22:06:14,189][basehttp.py:157]"GET /v1/api/user/?offset=0&limit=5&username= HTTP/1.0" 200 772
[INFO][2020-08-22 22:06:21,943][basehttp.py:157]"GET /v1/api/menu/ HTTP/1.0" 200 674
[INFO][2020-08-22 22:06:21,951][basehttp.py:157]"GET /v1/api/user/?offset=0&limit=5&username= HTTP/1.0" 200 772
[INFO][2020-08-22 22:06:36,351][basehttp.py:157]"GET /v1/api/menu/ HTTP/1.0" 200 674
[INFO][2020-08-22 22:06:36,370][basehttp.py:157]"GET /v1/api/user/?offset=0&limit=5&username= HTTP/1.0" 200 772
[INFO][2020-08-22 22:07:50,173][basehttp.py:157]"GET /v1/api/menu/ HTTP/1.0" 200 674
[INFO][2020-08-22 22:07:50,177][basehttp.py:157]"GET /v1/api/user/?offset=0&limit=5&username= HTTP/1.0" 200 772
[INFO][2020-08-22 22:08:35,124][basehttp.py:157]"GET /v1/api/menu/ HTTP/1.0" 200 674
[INFO][2020-08-22 22:08:35,137][basehttp.py:157]"GET /v1/api/user/?offset=0&limit=5&username= HTTP/1.0" 200 772
[INFO][2020-08-22 22:08:44,351][basehttp.py:157]"GET /v1/api/menu/ HTTP/1.0" 200 674
[INFO][2020-08-22 22:08:44,375][basehttp.py:157]"GET /v1/api/user/?offset=0&limit=5&username= HTTP/1.0" 200 772
[INFO][2020-08-22 22:09:50,214][basehttp.py:157]"GET /v1/api/user/?offset=0&limit=5&username= HTTP/1.0" 200 772
[INFO][2020-08-22 22:09:50,215][basehttp.py:157]"GET /v1/api/menu/ HTTP/1.0" 200 674
[INFO][2020-08-22 22:11:09,785][basehttp.py:157]"GET /v1/api/menu/ HTTP/1.0" 200 674
[INFO][2020-08-22 22:11:09,800][basehttp.py:157]"GET /v1/api/user/?offset=0&limit=5&username= HTTP/1.0" 200 772
[INFO][2020-08-22 22:11:57,787][basehttp.py:157]"GET /v1/api/menu/ HTTP/1.0" 200 674
[INFO][2020-08-22 22:11:57,788][basehttp.py:157]"GET /v1/api/user/?offset=0&limit=5&username= HTTP/1.0" 200 772
[INFO][2020-08-22 22:12:15,055][basehttp.py:157]"GET /v1/api/menu/ HTTP/1.0" 200 674
[INFO][2020-08-22 22:12:15,059][basehttp.py:157]"GET /v1/api/user/?offset=0&limit=5&username= HTTP/1.0" 200 772
[INFO][2020-08-22 22:14:12,377][basehttp.py:157]"GET /v1/api/menu/ HTTP/1.0" 200 674
[INFO][2020-08-22 22:14:12,387][basehttp.py:157]"GET /v1/api/user/?offset=0&limit=5&username= HTTP/1.0" 200 772
[INFO][2020-08-22 22:14:35,675][basehttp.py:157]"GET /v1/api/user/roleperm/ HTTP/1.0" 200 1253
[INFO][2020-08-22 22:14:43,232][basehttp.py:157]"GET /v1/api/perm/?limit=5&offset=0 HTTP/1.0" 200 555
[INFO][2020-08-22 22:14:45,012][basehttp.py:157]"OPTIONS /v1/goods/goodslist/?goods_name=&offset=0&limit=10 HTTP/1.0" 200 0
[INFO][2020-08-22 22:14:45,028][basehttp.py:157]"GET /v1/goods/goodslist/?goods_name=&offset=0&limit=10 HTTP/1.0" 200 2507
[INFO][2020-08-22 22:15:18,082][basehttp.py:157]"GET /v1/goods/goodslist/?goods_name=&offset=0&limit=10 HTTP/1.0" 200 2507
[INFO][2020-08-22 22:15:18,092][basehttp.py:157]"GET /v1/api/menu/ HTTP/1.0" 200 674
[INFO][2020-08-22 22:15:46,096][basehttp.py:157]"GET /v1/api/menu/ HTTP/1.0" 200 674
[INFO][2020-08-22 22:15:46,098][basehttp.py:157]"GET /v1/goods/goodslist/?goods_name=&offset=0&limit=10 HTTP/1.0" 200 2507
[INFO][2020-08-22 22:15:58,362][basehttp.py:157]"GET /v1/api/menu/ HTTP/1.0" 200 674
[INFO][2020-08-22 22:15:58,372][basehttp.py:157]"GET /v1/goods/goodslist/?goods_name=&offset=0&limit=10 HTTP/1.0" 200 2507
[INFO][2020-08-22 22:16:12,632][basehttp.py:157]"GET /v1/api/menu/ HTTP/1.0" 200 674
[INFO][2020-08-22 22:16:12,634][basehttp.py:157]"GET /v1/goods/goodslist/?goods_name=&offset=0&limit=10 HTTP/1.0" 200 2507
[INFO][2020-08-22 22:16:21,570][basehttp.py:157]"GET /v1/api/menu/ HTTP/1.0" 200 674
[INFO][2020-08-22 22:16:21,572][basehttp.py:157]"GET /v1/goods/goodslist/?goods_name=&offset=0&limit=10 HTTP/1.0" 200 2507
[INFO][2020-08-22 22:17:02,518][basehttp.py:157]"GET /v1/api/menu/ HTTP/1.0" 200 674
[INFO][2020-08-22 22:17:02,525][basehttp.py:157]"GET /v1/goods/goodslist/?goods_name=&offset=0&limit=10 HTTP/1.0" 200 2507
[INFO][2020-08-22 22:17:27,908][basehttp.py:157]"GET /v1/api/menu/ HTTP/1.0" 200 674
[INFO][2020-08-22 22:17:27,917][basehttp.py:157]"GET /v1/goods/goodslist/?goods_name=&offset=0&limit=10 HTTP/1.0" 200 2507
[INFO][2020-08-22 22:17:50,344][basehttp.py:157]"GET /v1/api/menu/ HTTP/1.0" 200 674
[INFO][2020-08-22 22:17:50,345][basehttp.py:157]"GET /v1/goods/goodslist/?goods_name=&offset=0&limit=10 HTTP/1.0" 200 2507
[INFO][2020-08-22 22:17:58,413][basehttp.py:157]"GET /v1/api/user/?offset=0&limit=5&username= HTTP/1.0" 200 772
[INFO][2020-08-22 22:18:38,452][basehttp.py:157]"GET /v1/api/menu/ HTTP/1.0" 200 674
[INFO][2020-08-22 22:18:38,460][basehttp.py:157]"GET /v1/api/user/?offset=0&limit=5&username= HTTP/1.0" 200 772
[INFO][2020-08-22 22:18:46,222][basehttp.py:157]"GET /v1/api/menu/ HTTP/1.0" 200 674
[INFO][2020-08-22 22:18:46,224][basehttp.py:157]"GET /v1/api/user/?offset=0&limit=5&username= HTTP/1.0" 200 772
[INFO][2020-08-22 22:19:50,038][basehttp.py:157]"GET /v1/api/menu/ HTTP/1.0" 200 674
[INFO][2020-08-22 22:19:50,052][basehttp.py:157]"GET /v1/api/user/?offset=0&limit=5&username= HTTP/1.0" 200 772
[INFO][2020-08-22 22:19:53,608][basehttp.py:157]"GET /v1/api/user/roleperm/ HTTP/1.0" 200 1253
[INFO][2020-08-22 22:19:56,962][basehttp.py:157]"GET /v1/api/user/?offset=0&limit=5&username= HTTP/1.0" 200 772
[INFO][2020-08-22 22:20:40,247][basehttp.py:157]"GET /v1/api/menu/ HTTP/1.0" 200 674
[INFO][2020-08-22 22:20:40,248][basehttp.py:157]"GET /v1/api/user/?offset=0&limit=5&username= HTTP/1.0" 200 772
[INFO][2020-08-22 22:20:50,498][basehttp.py:157]"GET /v1/api/menu/ HTTP/1.0" 200 674
[INFO][2020-08-22 22:20:50,507][basehttp.py:157]"GET /v1/api/user/?offset=0&limit=5&username= HTTP/1.0" 200 772
[INFO][2020-08-22 22:22:06,490][basehttp.py:157]"GET /v1/api/menu/ HTTP/1.0" 200 674
[INFO][2020-08-22 22:22:06,493][basehttp.py:157]"GET /v1/api/user/?offset=0&limit=5&username= HTTP/1.0" 200 772
[INFO][2020-08-22 22:22:23,386][basehttp.py:157]"GET /v1/api/menu/ HTTP/1.0" 200 674
[INFO][2020-08-22 22:22:23,392][basehttp.py:157]"GET /v1/api/user/?offset=0&limit=5&username= HTTP/1.0" 200 772
[INFO][2020-08-22 22:24:49,771][basehttp.py:157]"GET /v1/api/user/roleperm/ HTTP/1.0" 200 1253
[INFO][2020-08-22 22:24:57,769][basehttp.py:157]"GET /v1/api/perm/?limit=5&offset=0 HTTP/1.0" 200 555
[INFO][2020-08-22 22:24:59,413][basehttp.py:157]"GET /v1/goods/goodslist/?goods_name=&offset=0&limit=10 HTTP/1.0" 200 2507
[INFO][2020-08-22 22:25:02,304][basehttp.py:157]"GET /v1/api/user/?offset=0&limit=5&username= HTTP/1.0" 200 772
[INFO][2020-08-22 22:28:53,366][basehttp.py:157]"GET /v1/api/menu/ HTTP/1.0" 200 674
[INFO][2020-08-22 22:28:53,376][basehttp.py:157]"GET /v1/api/user/?offset=0&limit=5&username= HTTP/1.0" 200 772
[INFO][2020-08-22 22:29:12,582][basehttp.py:157]"GET /v1/api/menu/ HTTP/1.0" 200 674
[INFO][2020-08-22 22:29:12,595][basehttp.py:157]"GET /v1/api/user/?offset=0&limit=5&username= HTTP/1.0" 200 772
[INFO][2020-08-22 22:29:22,420][basehttp.py:157]"GET /v1/api/menu/ HTTP/1.0" 200 674
[INFO][2020-08-22 22:29:22,435][basehttp.py:157]"GET /v1/api/user/?offset=0&limit=5&username= HTTP/1.0" 200 772
[INFO][2020-08-22 22:29:33,905][basehttp.py:157]"GET /v1/api/menu/ HTTP/1.0" 200 674
[INFO][2020-08-22 22:29:33,917][basehttp.py:157]"GET /v1/api/user/?offset=0&limit=5&username= HTTP/1.0" 200 772
[INFO][2020-08-22 22:29:48,888][basehttp.py:157]"GET /v1/api/menu/ HTTP/1.0" 200 674
[INFO][2020-08-22 22:29:48,888][basehttp.py:157]"GET /v1/api/user/?offset=0&limit=5&username= HTTP/1.0" 200 772
[INFO][2020-08-22 22:29:54,159][basehttp.py:157]"GET /v1/api/user/roleperm/ HTTP/1.0" 200 1253
[INFO][2020-08-22 22:30:00,220][basehttp.py:157]"GET /v1/api/perm/?limit=5&offset=0 HTTP/1.0" 200 555
[INFO][2020-08-22 22:30:02,019][basehttp.py:157]"GET /v1/goods/goodslist/?goods_name=&offset=0&limit=10 HTTP/1.0" 200 2507
[INFO][2020-08-22 22:30:09,982][basehttp.py:157]"GET /v1/api/code?code_id=4688b827-fff3-48ac-bbd4-a8cc9c4ca45e HTTP/1.1" 301 0
[INFO][2020-08-22 22:30:10,038][basehttp.py:157]"GET /v1/api/code/?code_id=4688b827-fff3-48ac-bbd4-a8cc9c4ca45e HTTP/1.1" 200 6692
[INFO][2020-08-22 22:30:15,075][basehttp.py:157]"GET /v1/api/code?code_id=67582fcb-0579-4f16-9c31-df6698089908 HTTP/1.1" 301 0
[INFO][2020-08-22 22:30:15,131][basehttp.py:157]"GET /v1/api/code/?code_id=67582fcb-0579-4f16-9c31-df6698089908 HTTP/1.1" 200 8293
[INFO][2020-08-22 22:30:20,819][basehttp.py:157]"POST /v1/api/user/login/ HTTP/1.0" 200 309
[INFO][2020-08-22 22:30:20,894][basehttp.py:157]"GET /v1/api/menu/ HTTP/1.0" 200 674
[INFO][2020-08-22 22:30:20,905][basehttp.py:157]"GET /v1/api/user/?offset=0&limit=5&username= HTTP/1.0" 200 772
[INFO][2020-08-22 22:30:53,208][basehttp.py:157]"OPTIONS /v1/order/list?limit=5&offset=0&order_number= HTTP/1.0" 200 0
[INFO][2020-08-22 22:30:53,216][basehttp.py:157]"OPTIONS /v1/order/list/?limit=5&offset=0&order_number= HTTP/1.0" 200 0
[INFO][2020-08-22 22:30:53,226][basehttp.py:157]"GET /v1/order/list/?limit=5&offset=0&order_number= HTTP/1.0" 200 986
[INFO][2020-08-22 22:31:56,691][basehttp.py:157]"GET /v1/api/menu/ HTTP/1.0" 200 674
[INFO][2020-08-22 22:31:56,698][basehttp.py:157]"GET /v1/order/list/?limit=5&offset=0&order_number= HTTP/1.0" 200 986
[INFO][2020-08-22 22:32:34,402][basehttp.py:157]"GET /v1/api/menu/ HTTP/1.0" 200 674
[INFO][2020-08-22 22:32:34,405][basehttp.py:157]"GET /v1/order/list/?limit=5&offset=0&order_number= HTTP/1.0" 200 986
[INFO][2020-08-22 22:32:48,536][basehttp.py:157]"GET /v1/order/list/?limit=5&offset=0&order_number= HTTP/1.0" 200 986
[INFO][2020-08-22 22:32:48,545][basehttp.py:157]"GET /v1/api/menu/ HTTP/1.0" 200 674
[INFO][2020-08-22 22:33:12,784][basehttp.py:157]"GET /v1/order/list/?limit=5&offset=0&order_number= HTTP/1.0" 200 986
[INFO][2020-08-22 22:33:12,785][basehttp.py:157]"GET /v1/api/menu/ HTTP/1.0" 200 674
[INFO][2020-08-22 22:33:21,945][basehttp.py:157]"GET /v1/api/menu/ HTTP/1.0" 200 674
[INFO][2020-08-22 22:33:21,951][basehttp.py:157]"GET /v1/order/list/?limit=5&offset=0&order_number= HTTP/1.0" 200 986
[INFO][2020-08-22 22:33:29,818][basehttp.py:157]"GET /v1/api/menu/ HTTP/1.0" 200 674
[INFO][2020-08-22 22:33:29,828][basehttp.py:157]"GET /v1/order/list/?limit=5&offset=0&order_number= HTTP/1.0" 200 986
[INFO][2020-08-22 22:33:55,720][basehttp.py:157]"GET /v1/api/user/?offset=0&limit=5&username= HTTP/1.0" 200 772
[INFO][2020-08-22 22:34:01,107][basehttp.py:157]"PUT /v1/api/user/116 HTTP/1.0" 200 43
[INFO][2020-08-22 22:34:01,774][basehttp.py:157]"PUT /v1/api/user/116 HTTP/1.0" 200 43
[INFO][2020-08-22 22:34:05,659][basehttp.py:157]"GET /v1/api/code?code_id=cc06b99d-9a1c-4f6f-b6d0-953c3b6e6448 HTTP/1.1" 301 0
[INFO][2020-08-22 22:34:05,714][basehttp.py:157]"GET /v1/api/code/?code_id=cc06b99d-9a1c-4f6f-b6d0-953c3b6e6448 HTTP/1.1" 200 7023
[INFO][2020-08-22 22:34:16,690][basehttp.py:157]"GET /v1/api/code?code_id=9c4c4fb5-4689-4680-814a-e5ce68831ff4 HTTP/1.1" 301 0
[INFO][2020-08-22 22:34:16,746][basehttp.py:157]"GET /v1/api/code/?code_id=9c4c4fb5-4689-4680-814a-e5ce68831ff4 HTTP/1.1" 200 7827
[INFO][2020-08-22 22:34:17,395][basehttp.py:157]"GET /v1/api/code?code_id=efa2288a-c295-41f4-b87b-8866a3dcf43b HTTP/1.1" 301 0
[INFO][2020-08-22 22:34:17,450][basehttp.py:157]"GET /v1/api/code/?code_id=efa2288a-c295-41f4-b87b-8866a3dcf43b HTTP/1.1" 200 8559
[INFO][2020-08-22 22:34:18,187][basehttp.py:157]"GET /v1/api/code?code_id=88e52fb2-9f0c-4762-a384-f96a78bc0687 HTTP/1.1" 301 0
[INFO][2020-08-22 22:34:18,242][basehttp.py:157]"GET /v1/api/code/?code_id=88e52fb2-9f0c-4762-a384-f96a78bc0687 HTTP/1.1" 200 8333
[INFO][2020-08-22 22:34:31,241][basehttp.py:157]"GET /v1/api/code?code_id=bea295ca-2b94-467b-8406-b37903e62a3b HTTP/1.1" 301 0
[INFO][2020-08-22 22:34:31,299][basehttp.py:157]"GET /v1/api/code/?code_id=bea295ca-2b94-467b-8406-b37903e62a3b HTTP/1.1" 200 7889
[INFO][2020-08-22 22:34:32,434][basehttp.py:157]"GET /v1/api/code?code_id=841b9ddb-c0ba-4a3d-b0d8-91b85b038e73 HTTP/1.1" 301 0
[INFO][2020-08-22 22:34:32,493][basehttp.py:157]"GET /v1/api/code/?code_id=841b9ddb-c0ba-4a3d-b0d8-91b85b038e73 HTTP/1.1" 200 7937
[INFO][2020-08-22 22:34:35,851][basehttp.py:157]"POST /v1/api/user/login/ HTTP/1.0" 200 309
[INFO][2020-08-22 22:34:35,921][basehttp.py:157]"GET /v1/api/menu/ HTTP/1.0" 200 674
[INFO][2020-08-22 22:34:35,927][basehttp.py:157]"GET /v1/api/user/?offset=0&limit=5&username= HTTP/1.0" 200 772
[INFO][2020-08-22 22:35:17,578][basehttp.py:157]"GET /v1/api/user/roleperm/ HTTP/1.0" 200 1253
[INFO][2020-08-22 22:35:35,195][basehttp.py:157]"GET /v1/api/perm/?limit=5&offset=0 HTTP/1.0" 200 555
[INFO][2020-08-22 22:35:37,028][basehttp.py:157]"GET /v1/goods/goodslist/?goods_name=&offset=0&limit=10 HTTP/1.0" 200 2507
[INFO][2020-08-22 22:35:38,251][basehttp.py:157]"OPTIONS /v1/goods/category/3?limit=9999 HTTP/1.0" 200 0
[INFO][2020-08-22 22:35:38,276][basehttp.py:157]"GET /v1/goods/category/3?limit=9999 HTTP/1.0" 200 1362
[INFO][2020-08-22 22:35:39,672][basehttp.py:157]"OPTIONS /v1/goods/category/3?limit=5&offset=0 HTTP/1.0" 200 0
[INFO][2020-08-22 22:35:39,691][basehttp.py:157]"GET /v1/goods/category/3?limit=5&offset=0 HTTP/1.0" 200 1061
[INFO][2020-08-22 22:35:57,765][basehttp.py:157]"GET /v1/api/menu/ HTTP/1.0" 200 674
[INFO][2020-08-22 22:35:57,779][basehttp.py:157]"GET /v1/goods/category/3?limit=5&offset=0 HTTP/1.0" 200 1061
[INFO][2020-08-22 22:36:05,262][basehttp.py:157]"GET /v1/api/menu/ HTTP/1.0" 200 674
[INFO][2020-08-22 22:36:05,278][basehttp.py:157]"GET /v1/goods/category/3?limit=5&offset=0 HTTP/1.0" 200 1061
[INFO][2020-08-22 22:36:12,205][basehttp.py:157]"GET /v1/api/menu/ HTTP/1.0" 200 674
[INFO][2020-08-22 22:36:12,206][basehttp.py:157]"GET /v1/goods/category/3?limit=5&offset=0 HTTP/1.0" 200 1061
[INFO][2020-08-22 22:42:07,736][basehttp.py:157]"GET /v1/api/menu/ HTTP/1.0" 200 674
[INFO][2020-08-22 22:42:07,739][basehttp.py:157]"GET /v1/goods/category/3?limit=5&offset=0 HTTP/1.0" 200 1061
[INFO][2020-08-22 22:43:29,404][basehttp.py:157]"OPTIONS /v1/api/menu/ HTTP/1.0" 200 0
[INFO][2020-08-22 22:43:29,430][basehttp.py:157]"GET /v1/goods/category/3?limit=5&offset=0 HTTP/1.0" 200 1061
[INFO][2020-08-22 22:43:29,444][basehttp.py:157]"GET /v1/api/menu/ HTTP/1.0" 200 674
[INFO][2020-08-22 22:44:22,991][basehttp.py:157]"GET /v1/goods/category/3?limit=5&offset=0 HTTP/1.0" 200 1061
[INFO][2020-08-22 22:44:22,992][basehttp.py:157]"GET /v1/api/menu/ HTTP/1.0" 200 674
[INFO][2020-08-22 22:44:28,786][basehttp.py:157]"GET /v1/goods/goodslist/?goods_name=&offset=0&limit=10 HTTP/1.0" 200 2507
[INFO][2020-08-22 22:44:34,934][basehttp.py:157]"GET /v1/api/user/?offset=0&limit=5&username= HTTP/1.0" 200 772
[INFO][2020-08-22 22:45:15,950][basehttp.py:157]"GET /v1/api/menu/ HTTP/1.0" 200 674
[INFO][2020-08-22 22:45:15,962][basehttp.py:157]"GET /v1/api/user/?offset=0&limit=5&username= HTTP/1.0" 200 772
[INFO][2020-08-22 22:46:33,786][basehttp.py:157]"GET /v1/api/menu/ HTTP/1.0" 200 674
[INFO][2020-08-22 22:46:33,800][basehttp.py:157]"GET /v1/api/user/?offset=0&limit=5&username= HTTP/1.0" 200 772
[INFO][2020-08-22 22:53:06,020][basehttp.py:157]"GET /v1/api/menu/ HTTP/1.0" 200 674
[INFO][2020-08-22 22:53:06,033][basehttp.py:157]"GET /v1/api/user/?offset=0&limit=5&username= HTTP/1.0" 200 772
[INFO][2020-08-22 22:53:22,688][basehttp.py:157]"GET /v1/api/user/roleperm/ HTTP/1.0" 200 1253
[INFO][2020-08-22 22:53:24,902][basehttp.py:157]"OPTIONS /v1/api/group/ HTTP/1.0" 200 0
[INFO][2020-08-22 22:53:24,912][basehttp.py:157]"GET /v1/api/group/ HTTP/1.0" 200 135
[INFO][2020-08-22 22:54:09,995][basehttp.py:157]"GET /v1/goods/goodslist/?goods_name=&offset=0&limit=10 HTTP/1.0" 200 2507
[INFO][2020-08-22 22:54:26,651][basehttp.py:157]"GET /v1/api/user/?offset=0&limit=5&username= HTTP/1.0" 200 772
[INFO][2020-08-22 22:55:32,159][basehttp.py:157]"GET /v1/api/user/?offset=0&limit=5&username= HTTP/1.0" 200 772
[INFO][2020-08-22 22:55:32,161][basehttp.py:157]"GET /v1/api/menu/ HTTP/1.0" 200 674
[INFO][2020-08-22 23:02:47,078][basehttp.py:157]"GET /admin HTTP/1.1" 301 0
[INFO][2020-08-22 23:02:47,211][basehttp.py:157]"GET /admin/ HTTP/1.1" 302 0
[INFO][2020-08-22 23:02:47,463][basehttp.py:157]"GET /admin/login/?next=/admin/ HTTP/1.1" 200 2196
[INFO][2020-08-22 23:02:47,533][basehttp.py:157]"GET /static/admin/css/nav_sidebar.css HTTP/1.1" 200 1789
[INFO][2020-08-22 23:02:47,537][basehttp.py:157]"GET /static/admin/css/base.css HTTP/1.1" 200 16307
[INFO][2020-08-22 23:02:47,538][basehttp.py:157]"GET /static/admin/js/nav_sidebar.js HTTP/1.1" 200 1360
[INFO][2020-08-22 23:02:47,545][basehttp.py:157]"GET /static/admin/css/login.css HTTP/1.1" 200 1185
[INFO][2020-08-22 23:02:47,546][basehttp.py:157]"GET /static/admin/css/fonts.css HTTP/1.1" 200 423
[INFO][2020-08-22 23:02:47,547][basehttp.py:157]"GET /static/admin/css/responsive.css HTTP/1.1" 200 18617
[INFO][2020-08-22 23:02:47,661][basehttp.py:157]"GET /static/admin/fonts/Roboto-Light-webfont.woff HTTP/1.1" 200 85692
[INFO][2020-08-22 23:02:47,662][basehttp.py:157]"GET /static/admin/fonts/Roboto-Regular-webfont.woff HTTP/1.1" 200 85876
[WARNING][2020-08-22 23:02:47,717][log.py:230]Not Found: /favicon.ico
[WARNING][2020-08-22 23:02:47,718][basehttp.py:157]"GET /favicon.ico HTTP/1.1" 404 5446
[INFO][2020-08-22 23:02:52,725][basehttp.py:157]"GET /v1/api/menu/ HTTP/1.0" 200 674
[INFO][2020-08-22 23:02:52,742][basehttp.py:157]"GET /v1/api/user/?offset=0&limit=5&username= HTTP/1.0" 200 772
[INFO][2020-08-22 23:02:54,026][basehttp.py:157]"GET /v1/api/user/rolelist/?limit=1000 HTTP/1.0" 200 421
[INFO][2020-08-22 23:04:20,118][basehttp.py:157]"GET /v1/api/menu/ HTTP/1.0" 200 674
[INFO][2020-08-22 23:04:20,138][basehttp.py:157]"GET /v1/api/user/?offset=0&limit=5&username= HTTP/1.0" 200 772
[INFO][2020-08-22 23:04:21,231][basehttp.py:157]"GET /v1/api/user/rolelist/?limit=1000 HTTP/1.0" 200 421
[INFO][2020-08-22 23:07:08,348][basehttp.py:157]"GET /v1/api/menu/ HTTP/1.0" 200 674
[INFO][2020-08-22 23:07:08,366][basehttp.py:157]"GET /v1/api/user/?offset=0&limit=5&username= HTTP/1.0" 200 772
[INFO][2020-08-22 23:07:09,414][basehttp.py:157]"GET /v1/api/user/rolelist/?limit=1000 HTTP/1.0" 200 421
[INFO][2020-08-22 23:08:01,441][basehttp.py:157]"GET /v1/api/menu/ HTTP/1.0" 200 674
[INFO][2020-08-22 23:08:01,462][basehttp.py:157]"GET /v1/api/user/?offset=0&limit=5&username= HTTP/1.0" 200 772
[INFO][2020-08-22 23:08:08,804][basehttp.py:157]"GET /v1/api/menu/ HTTP/1.0" 200 674
[INFO][2020-08-22 23:08:08,824][basehttp.py:157]"GET /v1/api/user/?offset=0&limit=5&username= HTTP/1.0" 200 772
[INFO][2020-08-22 23:08:10,436][basehttp.py:157]"GET /v1/api/user/rolelist/?limit=1000 HTTP/1.0" 200 421
[INFO][2020-08-22 23:10:25,751][basehttp.py:157]"GET /v1/api/user/?offset=0&limit=5&username= HTTP/1.0" 200 772
[INFO][2020-08-22 23:10:25,752][basehttp.py:157]"GET /v1/api/menu/ HTTP/1.0" 200 674
[INFO][2020-08-22 23:10:26,352][basehttp.py:157]"GET /v1/api/user/rolelist/?limit=1000 HTTP/1.0" 200 421
[INFO][2020-08-22 23:12:03,157][basehttp.py:157]"GET /v1/api/user/roleperm/ HTTP/1.0" 200 1253
[INFO][2020-08-23 11:11:59,068][autoreload.py:612]Watching for file changes with StatReloader
[INFO][2020-08-23 11:12:21,955][basehttp.py:157]"GET /admin HTTP/1.1" 301 0
[INFO][2020-08-23 11:12:22,048][basehttp.py:157]"GET /admin/ HTTP/1.1" 302 0
[INFO][2020-08-23 11:12:22,141][basehttp.py:157]"GET /admin/login/?next=/admin/ HTTP/1.1" 200 2196
[INFO][2020-08-23 11:12:22,197][basehttp.py:157]"GET /static/admin/css/login.css HTTP/1.1" 200 1185
[INFO][2020-08-23 11:12:22,198][basehttp.py:157]"GET /static/admin/css/nav_sidebar.css HTTP/1.1" 200 1789
[INFO][2020-08-23 11:12:22,200][basehttp.py:157]"GET /static/admin/css/base.css HTTP/1.1" 200 16307
[INFO][2020-08-23 11:12:22,201][basehttp.py:157]"GET /static/admin/css/responsive.css HTTP/1.1" 200 18617
[INFO][2020-08-23 11:12:22,201][basehttp.py:157]"GET /static/admin/js/nav_sidebar.js HTTP/1.1" 200 1360
[INFO][2020-08-23 11:12:22,209][basehttp.py:157]"GET /static/admin/css/fonts.css HTTP/1.1" 200 423
[INFO][2020-08-23 11:12:22,327][basehttp.py:157]"GET /static/admin/fonts/Roboto-Regular-webfont.woff HTTP/1.1" 200 85876
[INFO][2020-08-23 11:12:22,330][basehttp.py:157]"GET /static/admin/fonts/Roboto-Light-webfont.woff HTTP/1.1" 200 85692
[INFO][2020-08-23 11:12:32,847][basehttp.py:157]"OPTIONS /v1/api/user/?offset=0&limit=5&username= HTTP/1.0" 200 0
[INFO][2020-08-23 11:12:32,848][basehttp.py:157]"OPTIONS /v1/api/menu/ HTTP/1.0" 200 0
[INFO][2020-08-23 11:12:32,908][basehttp.py:157]"GET /v1/api/user/?offset=0&limit=5&username= HTTP/1.0" 200 772
[INFO][2020-08-23 11:12:32,911][basehttp.py:157]"GET /v1/api/menu/ HTTP/1.0" 200 674
[WARNING][2020-08-23 11:12:46,507][log.py:230]Unauthorized: /v1/api/menu/
[WARNING][2020-08-23 11:12:46,508][basehttp.py:157]"GET /v1/api/menu/ HTTP/1.0" 401 49
[WARNING][2020-08-23 11:12:46,511][log.py:230]Unauthorized: /v1/api/user/
[WARNING][2020-08-23 11:12:46,512][basehttp.py:157]"GET /v1/api/user/?offset=0&limit=5&username= HTTP/1.0" 401 49
[INFO][2020-08-23 11:12:46,576][basehttp.py:157]"GET /v1/api/code?code_id=72081be8-8471-4630-b287-fec6cab7ce0b HTTP/1.1" 301 0
[INFO][2020-08-23 11:12:46,685][basehttp.py:157]"GET /v1/api/code/?code_id=72081be8-8471-4630-b287-fec6cab7ce0b HTTP/1.1" 200 6234
[INFO][2020-08-23 11:12:51,206][basehttp.py:157]"OPTIONS /v1/api/user/login/ HTTP/1.0" 200 0
[INFO][2020-08-23 11:12:51,372][basehttp.py:157]"POST /v1/api/user/login/ HTTP/1.0" 200 309
[INFO][2020-08-23 11:12:51,456][basehttp.py:157]"GET /v1/api/menu/ HTTP/1.0" 200 674
[INFO][2020-08-23 11:12:51,470][basehttp.py:157]"GET /v1/api/user/?offset=0&limit=5&username= HTTP/1.0" 200 772
[INFO][2020-08-23 11:44:11,565][basehttp.py:157]"GET /v1/api/user/?offset=0&limit=5&username= HTTP/1.0" 200 772
